<?xml version="1.0" encoding="UTF-8" ?>
<testsuite failures="0" time="0.124" errors="0" skipped="0" tests="1" name="kaitou.ppp.manager.impl.ShopPayManagerImplTest">
  <properties>
    <property name="java.runtime.name" value="Java(TM) SE Runtime Environment"/>
    <property name="sun.boot.library.path" value="D:\Java\jdk1.7.0_07\jre\bin"/>
    <property name="java.vm.version" value="23.3-b01"/>
    <property name="java.vm.vendor" value="Oracle Corporation"/>
    <property name="java.vendor.url" value="http://java.oracle.com/"/>
    <property name="path.separator" value=";"/>
    <property name="java.vm.name" value="Java HotSpot(TM) Client VM"/>
    <property name="file.encoding.pkg" value="sun.io"/>
    <property name="user.script" value=""/>
    <property name="user.country" value="CN"/>
    <property name="sun.java.launcher" value="SUN_STANDARD"/>
    <property name="sun.os.patch.level" value="Service Pack 1"/>
    <property name="java.vm.specification.name" value="Java Virtual Machine Specification"/>
    <property name="user.dir" value="D:\work\11exercise\kaitou-ppp\trunk\kaitou-ppp-manager"/>
    <property name="java.runtime.version" value="1.7.0_07-b10"/>
    <property name="java.awt.graphicsenv" value="sun.awt.Win32GraphicsEnvironment"/>
    <property name="basedir" value="D:\work\11exercise\kaitou-ppp\trunk\kaitou-ppp-manager"/>
    <property name="java.endorsed.dirs" value="D:\Java\jdk1.7.0_07\jre\lib\endorsed"/>
    <property name="os.arch" value="x86"/>
    <property name="surefire.real.class.path" value="C:\Users\zhao\AppData\Local\Temp\surefirebooter155128664481321755.jar"/>
    <property name="java.io.tmpdir" value="C:\Users\zhao\AppData\Local\Temp\"/>
    <property name="line.separator" value="
"/>
    <property name="java.vm.specification.vendor" value="Oracle Corporation"/>
    <property name="user.variant" value=""/>
    <property name="os.name" value="Windows 7"/>
    <property name="sun.jnu.encoding" value="GBK"/>
    <property name="java.library.path" value="D:\Java\jdk1.7.0_07\jre\bin;C:\Windows\Sun\Java\bin;C:\Windows\system32;C:\Windows;D:\Java\jdk1.7.0_07\bin;C:\Windows\system32;C:\Windows;C:\Windows\System32\Wbem;C:\Windows\System32\WindowsPowerShell\v1.0\;D:\Program Files\Oracle\ora90\BIN\;D:\Program Files\SlikSvn\bin;D:\Program Files\TortoiseSVN\bin;D:\Program Files\Oracle\Berkeley DB 11gR2 5.1.19\bin;."/>
    <property name="surefire.test.class.path" value="D:\work\11exercise\kaitou-ppp\trunk\kaitou-ppp-manager\target\test-classes;D:\work\11exercise\kaitou-ppp\trunk\kaitou-ppp-manager\target\classes;D:\work\01repository\org\aspectj\aspectjweaver\1.7.2\aspectjweaver-1.7.2.jar;D:\work\11exercise\kaitou-ppp\trunk\kaitou-ppp-dao\target\kaitou-ppp-dao-1.4.jar;D:\work\11exercise\kaitou-ppp\trunk\kaitou-ppp-common\target\kaitou-ppp-common-1.4.jar;D:\work\01repository\org\apache\commons\commons-compress\1.5\commons-compress-1.5.jar;D:\work\01repository\org\tukaani\xz\1.2\xz-1.2.jar;D:\work\01repository\org\apache\ant\ant\1.8.4\ant-1.8.4.jar;D:\work\01repository\org\apache\ant\ant-launcher\1.8.4\ant-launcher-1.8.4.jar;D:\work\01repository\org\springframework\spring-context\3.2.4.RELEASE\spring-context-3.2.4.RELEASE.jar;D:\work\01repository\org\springframework\spring-aop\3.2.4.RELEASE\spring-aop-3.2.4.RELEASE.jar;D:\work\01repository\aopalliance\aopalliance\1.0\aopalliance-1.0.jar;D:\work\01repository\org\springframework\spring-beans\3.2.4.RELEASE\spring-beans-3.2.4.RELEASE.jar;D:\work\01repository\org\springframework\spring-core\3.2.4.RELEASE\spring-core-3.2.4.RELEASE.jar;D:\work\01repository\org\springframework\spring-expression\3.2.4.RELEASE\spring-expression-3.2.4.RELEASE.jar;D:\work\01repository\commons-logging\commons-logging\1.1.1\commons-logging-1.1.1.jar;D:\work\01repository\log4j\log4j\1.2.16\log4j-1.2.16.jar;D:\work\01repository\commons-collections\commons-collections\3.2.1\commons-collections-3.2.1.jar;D:\work\01repository\com\womai\bsp\tool\bsp-tool\1.2\bsp-tool-1.2.jar;D:\work\01repository\commons-beanutils\commons-beanutils\1.8.3\commons-beanutils-1.8.3.jar;D:\work\01repository\commons-lang\commons-lang\2.6\commons-lang-2.6.jar;D:\work\01repository\commons-codec\commons-codec\1.5\commons-codec-1.5.jar;D:\work\01repository\org\apache\poi\poi-ooxml\3.9\poi-ooxml-3.9.jar;D:\work\01repository\org\apache\poi\poi\3.9\poi-3.9.jar;D:\work\01repository\org\apache\poi\poi-ooxml-schemas\3.9\poi-ooxml-schemas-3.9.jar;D:\work\01repository\org\apache\xmlbeans\xmlbeans\2.3.0\xmlbeans-2.3.0.jar;D:\work\01repository\stax\stax-api\1.0.1\stax-api-1.0.1.jar;D:\work\01repository\org\codehaus\jackson\jackson-mapper-asl\1.9.7\jackson-mapper-asl-1.9.7.jar;D:\work\01repository\org\codehaus\jackson\jackson-core-asl\1.9.7\jackson-core-asl-1.9.7.jar;D:\work\01repository\net\sf\json-lib\json-lib\2.3\json-lib-2.3-jdk15.jar;D:\work\01repository\net\sf\ezmorph\ezmorph\1.0.6\ezmorph-1.0.6.jar;D:\work\01repository\dom4j\dom4j\1.6.1\dom4j-1.6.1.jar;D:\work\01repository\xml-apis\xml-apis\1.0.b2\xml-apis-1.0.b2.jar;D:\work\01repository\joda-time\joda-time\2.2\joda-time-2.2.jar;D:\work\01repository\org\freemarker\freemarker\2.3.19\freemarker-2.3.19.jar;D:\work\11exercise\kaitou-ppp\trunk\kaitou-ppp-domain\target\kaitou-ppp-domain-1.4.jar;D:\work\01repository\junit\junit\4.8.2\junit-4.8.2.jar;D:\work\01repository\org\springframework\spring-test\3.2.4.RELEASE\spring-test-3.2.4.RELEASE.jar;"/>
    <property name="java.specification.name" value="Java Platform API Specification"/>
    <property name="java.class.version" value="51.0"/>
    <property name="sun.management.compiler" value="HotSpot Client Compiler"/>
    <property name="os.version" value="6.1"/>
    <property name="user.home" value="C:\Users\zhao"/>
    <property name="user.timezone" value="Asia/Shanghai"/>
    <property name="java.awt.printerjob" value="sun.awt.windows.WPrinterJob"/>
    <property name="java.specification.version" value="1.7"/>
    <property name="file.encoding" value="GBK"/>
    <property name="user.name" value="zhao"/>
    <property name="java.class.path" value="D:\work\11exercise\kaitou-ppp\trunk\kaitou-ppp-manager\target\test-classes;D:\work\11exercise\kaitou-ppp\trunk\kaitou-ppp-manager\target\classes;D:\work\01repository\org\aspectj\aspectjweaver\1.7.2\aspectjweaver-1.7.2.jar;D:\work\11exercise\kaitou-ppp\trunk\kaitou-ppp-dao\target\kaitou-ppp-dao-1.4.jar;D:\work\11exercise\kaitou-ppp\trunk\kaitou-ppp-common\target\kaitou-ppp-common-1.4.jar;D:\work\01repository\org\apache\commons\commons-compress\1.5\commons-compress-1.5.jar;D:\work\01repository\org\tukaani\xz\1.2\xz-1.2.jar;D:\work\01repository\org\apache\ant\ant\1.8.4\ant-1.8.4.jar;D:\work\01repository\org\apache\ant\ant-launcher\1.8.4\ant-launcher-1.8.4.jar;D:\work\01repository\org\springframework\spring-context\3.2.4.RELEASE\spring-context-3.2.4.RELEASE.jar;D:\work\01repository\org\springframework\spring-aop\3.2.4.RELEASE\spring-aop-3.2.4.RELEASE.jar;D:\work\01repository\aopalliance\aopalliance\1.0\aopalliance-1.0.jar;D:\work\01repository\org\springframework\spring-beans\3.2.4.RELEASE\spring-beans-3.2.4.RELEASE.jar;D:\work\01repository\org\springframework\spring-core\3.2.4.RELEASE\spring-core-3.2.4.RELEASE.jar;D:\work\01repository\org\springframework\spring-expression\3.2.4.RELEASE\spring-expression-3.2.4.RELEASE.jar;D:\work\01repository\commons-logging\commons-logging\1.1.1\commons-logging-1.1.1.jar;D:\work\01repository\log4j\log4j\1.2.16\log4j-1.2.16.jar;D:\work\01repository\commons-collections\commons-collections\3.2.1\commons-collections-3.2.1.jar;D:\work\01repository\com\womai\bsp\tool\bsp-tool\1.2\bsp-tool-1.2.jar;D:\work\01repository\commons-beanutils\commons-beanutils\1.8.3\commons-beanutils-1.8.3.jar;D:\work\01repository\commons-lang\commons-lang\2.6\commons-lang-2.6.jar;D:\work\01repository\commons-codec\commons-codec\1.5\commons-codec-1.5.jar;D:\work\01repository\org\apache\poi\poi-ooxml\3.9\poi-ooxml-3.9.jar;D:\work\01repository\org\apache\poi\poi\3.9\poi-3.9.jar;D:\work\01repository\org\apache\poi\poi-ooxml-schemas\3.9\poi-ooxml-schemas-3.9.jar;D:\work\01repository\org\apache\xmlbeans\xmlbeans\2.3.0\xmlbeans-2.3.0.jar;D:\work\01repository\stax\stax-api\1.0.1\stax-api-1.0.1.jar;D:\work\01repository\org\codehaus\jackson\jackson-mapper-asl\1.9.7\jackson-mapper-asl-1.9.7.jar;D:\work\01repository\org\codehaus\jackson\jackson-core-asl\1.9.7\jackson-core-asl-1.9.7.jar;D:\work\01repository\net\sf\json-lib\json-lib\2.3\json-lib-2.3-jdk15.jar;D:\work\01repository\net\sf\ezmorph\ezmorph\1.0.6\ezmorph-1.0.6.jar;D:\work\01repository\dom4j\dom4j\1.6.1\dom4j-1.6.1.jar;D:\work\01repository\xml-apis\xml-apis\1.0.b2\xml-apis-1.0.b2.jar;D:\work\01repository\joda-time\joda-time\2.2\joda-time-2.2.jar;D:\work\01repository\org\freemarker\freemarker\2.3.19\freemarker-2.3.19.jar;D:\work\11exercise\kaitou-ppp\trunk\kaitou-ppp-domain\target\kaitou-ppp-domain-1.4.jar;D:\work\01repository\junit\junit\4.8.2\junit-4.8.2.jar;D:\work\01repository\org\springframework\spring-test\3.2.4.RELEASE\spring-test-3.2.4.RELEASE.jar;"/>
    <property name="java.vm.specification.version" value="1.7"/>
    <property name="sun.arch.data.model" value="32"/>
    <property name="java.home" value="D:\Java\jdk1.7.0_07\jre"/>
    <property name="sun.java.command" value="C:\Users\zhao\AppData\Local\Temp\surefirebooter155128664481321755.jar C:\Users\zhao\AppData\Local\Temp\surefire7539451975655457208tmp C:\Users\zhao\AppData\Local\Temp\surefire7488010201263383583tmp"/>
    <property name="java.specification.vendor" value="Oracle Corporation"/>
    <property name="user.language" value="zh"/>
    <property name="awt.toolkit" value="sun.awt.windows.WToolkit"/>
    <property name="java.vm.info" value="mixed mode, sharing"/>
    <property name="java.version" value="1.7.0_07"/>
    <property name="java.ext.dirs" value="D:\Java\jdk1.7.0_07\jre\lib\ext;C:\Windows\Sun\Java\lib\ext"/>
    <property name="sun.boot.class.path" value="D:\Java\jdk1.7.0_07\jre\lib\resources.jar;D:\Java\jdk1.7.0_07\jre\lib\rt.jar;D:\Java\jdk1.7.0_07\jre\lib\sunrsasign.jar;D:\Java\jdk1.7.0_07\jre\lib\jsse.jar;D:\Java\jdk1.7.0_07\jre\lib\jce.jar;D:\Java\jdk1.7.0_07\jre\lib\charsets.jar;D:\Java\jdk1.7.0_07\jre\lib\jfr.jar;D:\Java\jdk1.7.0_07\jre\classes"/>
    <property name="java.vendor" value="Oracle Corporation"/>
    <property name="localRepository" value="D:\work\01repository"/>
    <property name="file.separator" value="\"/>
    <property name="java.vendor.url.bug" value="http://bugreport.sun.com/bugreport/"/>
    <property name="sun.cpu.endian" value="little"/>
    <property name="sun.io.unicode.encoding" value="UnicodeLittle"/>
    <property name="sun.desktop" value="windows"/>
    <property name="sun.cpu.isalist" value="pentium_pro+mmx pentium_pro pentium+mmx pentium i486 i386 i86"/>
  </properties>
  <testcase time="0.123" classname="kaitou.ppp.manager.impl.ShopPayManagerImplTest" name="testImportShops"/>
</testsuite>